1501643959839	geckodriver	INFO	geckodriver 0.18.0
1501643959852	geckodriver	INFO	Listening on 127.0.0.1:54675
1501643961922	geckodriver::marionette	INFO	Starting browser C:\Program Files (x86)\Mozilla Firefox\firefox.exe with args ["-marionette"]
1501643965773	Marionette	INFO	Listening on port 54681
1501643966084	Marionette	WARN	TLS certificate errors will be ignored for this session
JavaScript error: https://sp0.baidu.com/5a1Fazu8AA54nxGko9WTAnF6hhy/su?wd=s&json=1&p=3&sid=1422_18194_21114_17001_20719&req=2&csor=1&cb=jQuery110203647389785648304_1501643968835&_=1501643968837, line 1: TypeError: jQuery110203647389785648304_1501643968835 is not a function
JavaScript error: https://sp0.baidu.com/5a1Fazu8AA54nxGko9WTAnF6hhy/su?wd=se&json=1&p=3&sid=1422_18194_21114_17001_20719&req=2&csor=2&pwd=s&cb=jQuery110203647389785648304_1501643968835&_=1501643968838, line 1: TypeError: jQuery110203647389785648304_1501643968835 is not a function
JavaScript error: https://sp0.baidu.com/5a1Fazu8AA54nxGko9WTAnF6hhy/su?wd=seleniu&json=1&p=3&sid=1422_18194_21114_17001_20719&req=2&csor=7&pwd=seleni&cb=jQuery110203647389785648304_1501643968835&_=1501643968843, line 1: TypeError: jQuery110203647389785648304_1501643968835 is not a function
JavaScript error: https://sp0.baidu.com/5a1Fazu8AA54nxGko9WTAnF6hhy/su?wd=selen&json=1&p=3&sid=1422_18194_21114_17001_20719&req=2&csor=5&pwd=sele&cb=jQuery110203647389785648304_1501643968835&_=1501643968841, line 1: TypeError: jQuery110203647389785648304_1501643968835 is not a function
JavaScript error: https://sp0.baidu.com/5a1Fazu8AA54nxGko9WTAnF6hhy/su?wd=sel&json=1&p=3&sid=1422_18194_21114_17001_20719&req=2&csor=3&pwd=se&cb=jQuery110203647389785648304_1501643968835&_=1501643968839, line 1: TypeError: jQuery110203647389785648304_1501643968835 is not a function
JavaScript error: https://sp0.baidu.com/5a1Fazu8AA54nxGko9WTAnF6hhy/su?wd=seleni&json=1&p=3&sid=1422_18194_21114_17001_20719&req=2&csor=6&pwd=selen&cb=jQuery110203647389785648304_1501643968835&_=1501643968842, line 1: TypeError: jQuery110203647389785648304_1501643968835 is not a function
JavaScript error: https://sp0.baidu.com/5a1Fazu8AA54nxGko9WTAnF6hhy/su?wd=sele&json=1&p=3&sid=1422_18194_21114_17001_20719&req=2&csor=4&pwd=sel&cb=jQuery110203647389785648304_1501643968835&_=1501643968840, line 1: TypeError: jQuery110203647389785648304_1501643968835 is not a function
JavaScript error: https://sp0.baidu.com/5a1Fazu8AA54nxGko9WTAnF6hhy/su?wd=selenium&json=1&p=3&sid=1422_18194_21114_17001_20719&req=2&csor=8&pwd=seleniu&cb=jQuery110203647389785648304_1501643968835&_=1501643968844, line 1: TypeError: jQuery110203647389785648304_1501643968835 is not a function
1501643971509	Marionette	INFO	New connections will no longer be accepted
1501643978557	geckodriver	INFO	geckodriver 0.18.0
1501643978566	geckodriver	INFO	Listening on 127.0.0.1:54739
1501643980662	geckodriver::marionette	INFO	Starting browser C:\Program Files (x86)\Mozilla Firefox\firefox.exe with args ["-marionette"]
1501643984016	Marionette	INFO	Listening on port 54745
1501643984307	Marionette	WARN	TLS certificate errors will be ignored for this session
JavaScript error: https://sp0.baidu.com/5a1Fazu8AA54nxGko9WTAnF6hhy/su?wd=se&json=1&p=3&sid=1444_21123_17001_20719&req=2&csor=2&pwd=s&cb=jQuery110204939347132214661_1501643984941&_=1501643984944, line 1: TypeError: jQuery110204939347132214661_1501643984941 is not a function
JavaScript error: https://sp0.baidu.com/5a1Fazu8AA54nxGko9WTAnF6hhy/su?wd=sel&json=1&p=3&sid=1444_21123_17001_20719&req=2&csor=3&pwd=se&cb=jQuery110204939347132214661_1501643984941&_=1501643984945, line 1: TypeError: jQuery110204939347132214661_1501643984941 is not a function
JavaScript error: https://sp0.baidu.com/5a1Fazu8AA54nxGko9WTAnF6hhy/su?wd=s&json=1&p=3&sid=1444_21123_17001_20719&req=2&csor=1&cb=jQuery110204939347132214661_1501643984941&_=1501643984943, line 1: TypeError: jQuery110204939347132214661_1501643984941 is not a function
JavaScript error: https://sp0.baidu.com/5a1Fazu8AA54nxGko9WTAnF6hhy/su?wd=sele&json=1&p=3&sid=1444_21123_17001_20719&req=2&csor=4&pwd=sel&cb=jQuery110204939347132214661_1501643984941&_=1501643984946, line 1: TypeError: jQuery110204939347132214661_1501643984941 is not a function
JavaScript error: https://sp0.baidu.com/5a1Fazu8AA54nxGko9WTAnF6hhy/su?wd=selen&json=1&p=3&sid=1444_21123_17001_20719&req=2&csor=5&pwd=sele&cb=jQuery110204939347132214661_1501643984941&_=1501643984947, line 1: TypeError: jQuery110204939347132214661_1501643984941 is not a function
JavaScript error: https://sp0.baidu.com/5a1Fazu8AA54nxGko9WTAnF6hhy/su?wd=seleni&json=1&p=3&sid=1444_21123_17001_20719&req=2&csor=6&pwd=selen&cb=jQuery110204939347132214661_1501643984941&_=1501643984948, line 1: TypeError: jQuery110204939347132214661_1501643984941 is not a function
JavaScript error: https://sp0.baidu.com/5a1Fazu8AA54nxGko9WTAnF6hhy/su?wd=seleniu&json=1&p=3&sid=1444_21123_17001_20719&req=2&csor=7&pwd=seleni&cb=jQuery110204939347132214661_1501643984941&_=1501643984949, line 1: TypeError: jQuery110204939347132214661_1501643984941 is not a function
JavaScript error: https://sp0.baidu.com/5a1Fazu8AA54nxGko9WTAnF6hhy/su?wd=selenium&json=1&p=3&sid=1444_21123_17001_20719&req=2&csor=8&pwd=seleniu&cb=jQuery110204939347132214661_1501643984941&_=1501643984950, line 1: TypeError: jQuery110204939347132214661_1501643984941 is not a function
JavaScript error: http://www.gdjdedu.net/, line 868: ReferenceError: swfobject is not defined
1501644379607	Marionette	INFO	Ceased listening
0
1501644255471	geckodriver	INFO	Listening on 127.0.0.1:54977
1501644257547	geckodriver::marionette	INFO	Starting browser C:\Program Files (x86)\Mozilla Firefox\firefox.exe with args ["-marionette"]
1501644260975	Marionette	INFO	Listening on port 54983
1501644261220	Marionette	WARN	TLS certificate errors will be ignored for this session
1501644378163	Marionette	INFO	Ceased listening
0
1501644312551	geckodriver	INFO	Listening on 127.0.0.1:55015
1501644314655	geckodriver::marionette	INFO	Starting browser C:\Program Files (x86)\Mozilla Firefox\firefox.exe with args ["-marionette"]
1501644317661	Marionette	INFO	Listening on port 55021
1501644317838	Marionette	WARN	TLS certificate errors will be ignored for this session
1501644377198	Marionette	INFO	Ceased listening
0
1501644365094	geckodriver	INFO	Listening on 127.0.0.1:55115
1501644367166	geckodriver::marionette	INFO	Starting browser C:\Program Files (x86)\Mozilla Firefox\firefox.exe with args ["-marionette"]
1501644370601	Marionette	INFO	Listening on port 55121
1501644370818	Marionette	WARN	TLS certificate errors will be ignored for this session
1501644392065	Marionette	INFO	Ceased listening
1501644394268	geckodriver	INFO	geckodriver 0.18.0
1501644394279	geckodriver	INFO	Listening on 127.0.0.1:55155
1501644396329	geckodriver::marionette	INFO	Starting browser C:\Program Files (x86)\Mozilla Firefox\firefox.exe with args ["-marionette"]
1501644399578	Marionette	INFO	Listening on port 55161
1501644399955	Marionette	WARN	TLS certificate errors will be ignored for this session
1501644804430	Marionette	INFO	Ceased listening
0
1501644477387	geckodriver	INFO	Listening on 127.0.0.1:55297
1501644479496	geckodriver::marionette	INFO	Starting browser C:\Program Files (x86)\Mozilla Firefox\firefox.exe with args ["-marionette"]
1501644482604	Marionette	INFO	Listening on port 55303
1501644482759	Marionette	WARN	TLS certificate errors will be ignored for this session
1501644803789	Marionette	INFO	Ceased listening
0
1501644717978	geckodriver	INFO	Listening on 127.0.0.1:55470
1501644720057	geckodriver::marionette	INFO	Starting browser C:\Program Files (x86)\Mozilla Firefox\firefox.exe with args ["-marionette"]
1501644723301	Marionette	INFO	Listening on port 55476
1501644723704	Marionette	WARN	TLS certificate errors will be ignored for this session
1501644802735	Marionette	INFO	Ceased listening
0
1501644790865	geckodriver	INFO	Listening on 127.0.0.1:55574
1501644792922	geckodriver::marionette	INFO	Starting browser C:\Program Files (x86)\Mozilla Firefox\firefox.exe with args ["-marionette"]
1501644796458	Marionette	INFO	Listening on port 55580
1501644796632	Marionette	WARN	TLS certificate errors will be ignored for this session
1501644801993	Marionette	INFO	Ceased listening
1501644806707	geckodriver	INFO	geckodriver 0.18.0
1501644806717	geckodriver	INFO	Listening on 127.0.0.1:55606
1501644808789	geckodriver::marionette	INFO	Starting browser C:\Program Files (x86)\Mozilla Firefox\firefox.exe with args ["-marionette"]
1501644812045	Marionette	INFO	Listening on port 55612
1501644812425	Marionette	WARN	TLS certificate errors will be ignored for this session
JavaScript warning: http://c.csdnimg.cn/rabbit/tracking-ad/main.js, line 402: unreachable code after return statement
JavaScript warning: http://csdnimg.cn/rabbit/exposure-click/main.js?20170726001, line 402: unreachable code after return statement
JavaScript warning: http://c.csdnimg.cn/rabbit/tracking-ad/main.js, line 402: unreachable code after return statement
JavaScript warning: http://csdnimg.cn/rabbit/exposure-click/main.js?20170726001, line 402: unreachable code after return statement
1501645239673	Marionette	INFO	Ceased listening
0
1501645043476	geckodriver	INFO	Listening on 127.0.0.1:56006
1501645045586	geckodriver::marionette	INFO	Starting browser C:\Program Files (x86)\Mozilla Firefox\firefox.exe with args ["-marionette"]
1501645048628	Marionette	INFO	Listening on port 56012
1501645048808	Marionette	WARN	TLS certificate errors will be ignored for this session
1501645072898	geckodriver	INFO	geckodriver 0.18.0
1501645072908	geckodriver	INFO	Listening on 127.0.0.1:56044
1501645074985	geckodriver::marionette	INFO	Starting browser C:\Program Files (x86)\Mozilla Firefox\firefox.exe with args ["-marionette"]
1501645078012	Marionette	INFO	Listening on port 56050
1501645078209	Marionette	WARN	TLS certificate errors will be ignored for this session
1501645101355	geckodriver	INFO	geckodriver 0.18.0
1501645101364	geckodriver	INFO	Listening on 127.0.0.1:56093
1501645103433	geckodriver::marionette	INFO	Starting browser C:\Program Files (x86)\Mozilla Firefox\firefox.exe with args ["-marionette"]
1501645106499	Marionette	INFO	Listening on port 56099
1501645106676	Marionette	WARN	TLS certificate errors will be ignored for this session
1501645238065	Marionette	INFO	Ceased listening
0
1501645156908	geckodriver	INFO	Listening on 127.0.0.1:56291
1501645158990	geckodriver::marionette	INFO	Starting browser C:\Program Files (x86)\Mozilla Firefox\firefox.exe with args ["-marionette"]
1501645162204	Marionette	INFO	Listening on port 56297
1501645162624	Marionette	WARN	TLS certificate errors will be ignored for this session
1501656866637	geckodriver	INFO	geckodriver 0.18.0
1501656866647	geckodriver	INFO	Listening on 127.0.0.1:50328
1501656868763	geckodriver::marionette	INFO	Starting browser C:\Program Files (x86)\Mozilla Firefox\firefox.exe with args ["-marionette"]
1501656872187	Marionette	INFO	Listening on port 50335
1501656872457	Marionette	WARN	TLS certificate errors will be ignored for this session
1501657056691	Marionette	INFO	Ceased listening
0
1501656963589	geckodriver	INFO	Listening on 127.0.0.1:50441
1501656965672	geckodriver::marionette	INFO	Starting browser C:\Program Files (x86)\Mozilla Firefox\firefox.exe with args ["-marionette"]
1501656968850	Marionette	INFO	Listening on port 50447
1501656969315	Marionette	WARN	TLS certificate errors will be ignored for this session
1501657055776	Marionette	INFO	Ceased listening
0
1501656992574	geckodriver	INFO	Listening on 127.0.0.1:50496
1501656994673	geckodriver::marionette	INFO	Starting browser C:\Program Files (x86)\Mozilla Firefox\firefox.exe with args ["-marionette"]
1501656997731	Marionette	INFO	Listening on port 50503
1501656997882	Marionette	WARN	TLS certificate errors will be ignored for this session
1501657054985	Marionette	INFO	Ceased listening
1501657075520	geckodriver	INFO	geckodriver 0.18.0
1501657075529	geckodriver	INFO	Listening on 127.0.0.1:50635
1501657077623	geckodriver::marionette	INFO	Starting browser C:\Program Files (x86)\Mozilla Firefox\firefox.exe with args ["-marionette"]
1501657080872	Marionette	INFO	Listening on port 50641
1501657081259	Marionette	WARN	TLS certificate errors will be ignored for this session
*************************
A coding exception was thrown and uncaught in a Task.

Full message: TypeError: NetworkError when attempting to fetch resource.
Full stack: 
*************************
1501657849246	Marionette	INFO	Ceased listening
1501657617323	Marionette	INFO	Listening on port 51523
1501657617712	Marionette	WARN	TLS certificate errors will be ignored for this session
1501657847752	Marionette	INFO	Ceased listening
0
1501657748136	geckodriver	INFO	Listening on 127.0.0.1:51830
1501657750220	geckodriver::marionette	INFO	Starting browser C:\Program Files (x86)\Mozilla Firefox\firefox.exe with args ["-marionette"]
1501657753559	Marionette	INFO	Listening on port 51838
1501657753854	Marionette	WARN	TLS certificate errors will be ignored for this session
1501657846406	Marionette	INFO	Ceased listening
0
1501657843247	geckodriver	INFO	Listening on 127.0.0.1:52076
1501657845349	geckodriver::marionette	INFO	Starting browser C:\Program Files (x86)\Mozilla Firefox\firefox.exe with args ["-marionette"]
1501657848546	Marionette	INFO	Listening on port 52086
1501657848989	Marionette	WARN	TLS certificate errors will be ignored for this session
console.error: 
  Message: Error: Connection closed, pending request to server1.conn0.child1/stylesheet44, type getOriginalLocation failed

Request stack:
request@resource://gre/modules/commonjs/toolkit/loader.js -> resource://devtools/shared/protocol.js:1269:14
generateRequestMethods/</frontProto[name]@resource://gre/modules/commonjs/toolkit/loader.js -> resource://devtools/shared/protocol.js:1426:14
getOriginalLocation@resource://gre/modules/commonjs/toolkit/loader.js -> resource://devtools/shared/fronts/styles.js:237:12
getOriginalSourceStrings@resource://gre/modules/commonjs/toolkit/loader.js -> resource://devtools/client/inspector/rules/models/rule.js:139:12
updateSourceLink@resource://gre/modules/commonjs/toolkit/loader.js -> resource://devtools/client/inspector/rules/views/rule-editor.js:276:7
_create@resource://gre/modules/commonjs/toolkit/loader.js -> resource://devtools/client/inspector/rules/views/rule-editor.js:124:5
RuleEditor@resource://gre/modules/commonjs/toolkit/loader.js -> resource://devtools/client/inspector/rules/views/rule-editor.js:77:3
_createEditors@resource://gre/modules/commonjs/toolkit/loader.js -> resource://devtools/client/inspector/rules/rules.js:1070:23
_populate/<@resource://gre/modules/commonjs/toolkit/loader.js -> resource://devtools/client/inspector/rules/rules.js:874:28
process@resource://gre/modules/Promise.jsm -> resource://gre/modules/Promise-backend.js:922:23
walkerLoop@resource://gre/modules/Promise.jsm -> resource://gre/modules/Promise-backend.js:806:7
scheduleWalkerLoop/<@resource://gre/modules/Promise.jsm -> resource://gre/modules/Promise-backend.js:742:11

  Stack:
    destroy@resource://gre/modules/commonjs/toolkit/loader.js -> resource://devtools/shared/protocol.js:1212:23
destroy@resource://gre/modules/commonjs/toolkit/loader.js -> resource://devtools/shared/fronts/stylesheets.js:109:5
destroy@resource://gre/modules/commonjs/toolkit/loader.js -> resource://devtools/shared/protocol.js:851:9
destroy@resource://gre/modules/commonjs/toolkit/loader.js -> resource://devtools/shared/protocol.js:1214:5
destroy@resource://gre/modules/commonjs/toolkit/loader.js -> resource://devtools/shared/fronts/styles.js:40:5
destroy@resource://gre/modules/commonjs/toolkit/loader.js -> resource://devtools/shared/protocol.js:851:9
destroy@resource://gre/modules/commonjs/toolkit/loader.js -> resource://devtools/shared/protocol.js:1214:5
destroy@resource://gre/modules/commonjs/toolkit/loader.js -> resource://devtools/shared/fronts/inspector.js:963:5
destroyInspector/this._destroyingInspector<@resource://gre/modules/commonjs/toolkit/loader.js -> resource://devtools/client/framework/toolbox.js:2202:13
_run@resource://gre/modules/commonjs/toolkit/loader.js -> resource://devtools/shared/task.js:311:39
process@resource://gre/modules/Promise.jsm -> resource://gre/modules/Promise-backend.js:922:23
walkerLoop@resource://gre/modules/Promise.jsm -> resource://gre/modules/Promise-backend.js:806:7
scheduleWalkerLoop/<@resource://gre/modules/Promise.jsm -> resource://gre/modules/Promise-backend.js:742:11

console.error: 
  Message: Error: Connection closed, pending request to server1.conn0.child1/stylesheet46, type getOriginalLocation failed

Request stack:
request@resource://gre/modules/commonjs/toolkit/loader.js -> resource://devtools/shared/protocol.js:1269:14
generateRequestMethods/</frontProto[name]@resource://gre/modules/commonjs/toolkit/loader.js -> resource://devtools/shared/protocol.js:1426:14
getOriginalLocation@resource://gre/modules/commonjs/toolkit/loader.js -> resource://devtools/shared/fronts/styles.js:237:12
getOriginalSourceStrings@resource://gre/modules/commonjs/toolkit/loader.js -> resource://devtools/client/inspector/rules/models/rule.js:139:12
updateSourceLink@resource://gre/modules/commonjs/toolkit/loader.js -> resource://devtools/client/inspector/rules/views/rule-editor.js:276:7
_create@resource://gre/modules/commonjs/toolkit/loader.js -> resource://devtools/client/inspector/rules/views/rule-editor.js:124:5
RuleEditor@resource://gre/modules/commonjs/toolkit/loader.js -> resource://devtools/client/inspector/rules/views/rule-editor.js:77:3
_createEditors@resource://gre/modules/commonjs/toolkit/loader.js -> resource://devtools/client/inspector/rules/rules.js:1070:23
_populate/<@resource://gre/modules/commonjs/toolkit/loader.js -> resource://devtools/client/inspector/rules/rules.js:874:28
process@resource://gre/modules/Promise.jsm -> resource://gre/modules/Promise-backend.js:922:23
walkerLoop@resource://gre/modules/Promise.jsm -> resource://gre/modules/Promise-backend.js:806:7
scheduleWalkerLoop/<@resource://gre/modules/Promise.jsm -> resource://gre/modules/Promise-backend.js:742:11

  Stack:
    destroy@resource://gre/modules/commonjs/toolkit/loader.js -> resource://devtools/shared/protocol.js:1212:23
destroy@resource://gre/modules/commonjs/toolkit/loader.js -> resource://devtools/shared/fronts/stylesheets.js:109:5
destroy@resource://gre/modules/commonjs/toolkit/loader.js -> resource://devtools/shared/protocol.js:851:9
destroy@resource://gre/modules/commonjs/toolkit/loader.js -> resource://devtools/shared/protocol.js:1214:5
destroy@resource://gre/modules/commonjs/toolkit/loader.js -> resource://devtools/shared/fronts/styles.js:40:5
destroy@resource://gre/modules/commonjs/toolkit/loader.js -> resource://devtools/shared/protocol.js:851:9
destroy@resource://gre/modules/commonjs/toolkit/loader.js -> resource://devtools/shared/protocol.js:1214:5
destroy@resource://gre/modules/commonjs/toolkit/loader.js -> resource://devtools/shared/fronts/inspector.js:963:5
destroyInspector/this._destroyingInspector<@resource://gre/modules/commonjs/toolkit/loader.js -> resource://devtools/client/framework/toolbox.js:2202:13
_run@resource://gre/modules/commonjs/toolkit/loader.js -> resource://devtools/shared/task.js:311:39
process@resource://gre/modules/Promise.jsm -> resource://gre/modules/Promise-backend.js:922:23
walkerLoop@resource://gre/modules/Promise.jsm -> resource://gre/modules/Promise-backend.js:806:7
scheduleWalkerLoop/<@resource://gre/modules/Promise.jsm -> resource://gre/modules/Promise-backend.js:742:11

console.error: 
  Message: Error: Connection closed, pending request to server1.conn0.child1/stylesheet48, type getOriginalLocation failed

Request stack:
request@resource://gre/modules/commonjs/toolkit/loader.js -> resource://devtools/shared/protocol.js:1269:14
generateRequestMethods/</frontProto[name]@resource://gre/modules/commonjs/toolkit/loader.js -> resource://devtools/shared/protocol.js:1426:14
getOriginalLocation@resource://gre/modules/commonjs/toolkit/loader.js -> resource://devtools/shared/fronts/styles.js:237:12
getOriginalSourceStrings@resource://gre/modules/commonjs/toolkit/loader.js -> resource://devtools/client/inspector/rules/models/rule.js:139:12
updateSourceLink@resource://gre/modules/commonjs/toolkit/loader.js -> resource://devtools/client/inspector/rules/views/rule-editor.js:276:7
_create@resource://gre/modules/commonjs/toolkit/loader.js -> resource://devtools/client/inspector/rules/views/rule-editor.js:124:5
RuleEditor@resource://gre/modules/commonjs/toolkit/loader.js -> resource://devtools/client/inspector/rules/views/rule-editor.js:77:3
_createEditors@resource://gre/modules/commonjs/toolkit/loader.js -> resource://devtools/client/inspector/rules/rules.js:1070:23
_populate/<@resource://gre/modules/commonjs/toolkit/loader.js -> resource://devtools/client/inspector/rules/rules.js:874:28
process@resource://gre/modules/Promise.jsm -> resource://gre/modules/Promise-backend.js:922:23
walkerLoop@resource://gre/modules/Promise.jsm -> resource://gre/modules/Promise-backend.js:806:7
scheduleWalkerLoop/<@resource://gre/modules/Promise.jsm -> resource://gre/modules/Promise-backend.js:742:11

  Stack:
    destroy@resource://gre/modules/commonjs/toolkit/loader.js -> resource://devtools/shared/protocol.js:1212:23
destroy@resource://gre/modules/commonjs/toolkit/loader.js -> resource://devtools/shared/fronts/stylesheets.js:109:5
destroy@resource://gre/modules/commonjs/toolkit/loader.js -> resource://devtools/shared/protocol.js:851:9
destroy@resource://gre/modules/commonjs/toolkit/loader.js -> resource://devtools/shared/protocol.js:1214:5
destroy@resource://gre/modules/commonjs/toolkit/loader.js -> resource://devtools/shared/fronts/styles.js:40:5
destroy@resource://gre/modules/commonjs/toolkit/loader.js -> resource://devtools/shared/protocol.js:851:9
destroy@resource://gre/modules/commonjs/toolkit/loader.js -> resource://devtools/shared/protocol.js:1214:5
destroy@resource://gre/modules/commonjs/toolkit/loader.js -> resource://devtools/shared/fronts/inspector.js:963:5
destroyInspector/this._destroyingInspector<@resource://gre/modules/commonjs/toolkit/loader.js -> resource://devtools/client/framework/toolbox.js:2202:13
_run@resource://gre/modules/commonjs/toolkit/loader.js -> resource://devtools/shared/task.js:311:39
process@resource://gre/modules/Promise.jsm -> resource://gre/modules/Promise-backend.js:922:23
walkerLoop@resource://gre/modules/Promise.jsm -> resource://gre/modules/Promise-backend.js:806:7
scheduleWalkerLoop/<@resource://gre/modules/Promise.jsm -> resource://gre/modules/Promise-backend.js:742:11

JavaScript warning: resource://gre/modules/commonjs/toolkit/loader.js -> resource://devtools/client/shared/demangle.js, line 0: Successfully compiled asm.js code (total compilation time 101ms; unable to cache asm.js in synchronous scripts; try loading asm.js via <script async> or createElement('script'))
*************************
A coding exception was thrown and uncaught in a Task.
*************************
A coding exception was thrown and uncaught in a Task.

Full message: TypeError: NetworkEconsole.error: 
  Protocol error (noSuchActor): No such actor for ID: server1.conn1.child1/memoryActor12
1501661970519	Marionette	INFO	Ceased listening
INFO	Listening on port 52482
1501657991665	Marionette	WARN	TLS certificate errors will be ignored for this session
*************************
A coding exception was thrown and uncaught in a Task.

Full message: TypeError: NetworkError when attempting to fetch resource.
Full stack: 
*************************
1501658786832	Marionette	INFO	Ceased listening
1501658434280	Marionette	INFO	Listening on port 53326
1501658434522	Marionette	WARN	TLS certificate errors will be ignored for this session
1501658785761	Marionette	INFO	Ceased listening
0
1501658601052	geckodriver	INFO	Listening on 127.0.0.1:53705
1501658603207	geckodriver::marionette	INFO	Starting browser C:\Program Files (x86)\Mozilla Firefox\firefox.exe with args ["-marionette"]
1501658606642	Marionette	INFO	Listening on port 53713
1501658606860	Marionette	WARN	TLS certificate errors will be ignored for this session
1501658784717	Marionette	INFO	Ceased listening
0
1501658687076	geckodriver	INFO	Listening on 127.0.0.1:53951
1501658689168	geckodriver::marionette	INFO	Starting browser C:\Program Files (x86)\Mozilla Firefox\firefox.exe with args ["-marionette"]
1501658692473	Marionette	INFO	Listening on port 53961
1501658692812	Marionette	WARN	TLS certificate errors will be ignored for this session
1501658783697	Marionette	INFO	Ceased listening
0
1501658716451	geckodriver	INFO	Listening on 127.0.0.1:54048
1501658718517	geckodriver::marionette	INFO	Starting browser C:\Program Files (x86)\Mozilla Firefox\firefox.exe with args ["-marionette"]
1501658721782	Marionette	INFO	Listening on port 54056
1501658722146	Marionette	WARN	TLS certificate errors will be ignored for this session
1501658782459	addons.productaddons	WARN	Failed downloading XML, status: 0, reason: error
1501658782729	Marionette	INFO	Ceased listening
arionette	INFO	Starting browser C:\Program Files (x86)\Mozilla Firefox\firefox.exe with args ["-marionette"]
1501658773350	Marionette	INFO	Listening on port 54250
1501658773778	Marionette	WARN	TLS certificate errors will be ignored for this session
*************************
A coding exception was thrown and uncaught in a Task.

Full message: TypeError: NetworkError when attempting to fetch resource.
Full stack: 
*************************
1501661969317	Marionette	INFO	Ceased listening
1501658810286	Marionette	INFO	Listening on port 54357
1501658810751	Marionette	WARN	TLS certificate errors will be ignored for this session
*************************
A coding exception was thrown and uncaught in a Task.

Full message: TypeError: NetworkError when attempting to fetch resource.
Full stack: 
*************************
1501661968493	Marionette	INFO	Ceased listening
1501658857932	Marionette	INFO	Listening on port 54537
1501658858100	Marionette	WARN	TLS certificate errors will be ignored for this session
*************************
A coding exception was thrown and uncaught in a Task.

Full message: TypeError: NetworkError when attempting to fetch resource.
Full stack: 
*************************
1501661967833	Marionette	INFO	Ceased listening
1501659450018	Marionette	INFO	Listening on port 55683
1501659450212	Marionette	WARN	TLS certificate errors will be ignored for this session
*************************
A coding exception was thrown and uncaught in a Task.

Full message: TypeError: NetworkError when attempting to fetch resource.
Full stack: 
*************************
1501661967274	Marionette	INFO	Ceased listening
1501659507051	Marionette	INFO	Listening on port 55819
1501659507329	Marionette	WARN	TLS certificate errors will be ignored for this session
*************************
A coding exception was thrown and uncaught in a Task.

Full message: TypeError: NetworkError when attempting to fetch resource.
Full stack: 
*************************
1501661966270	Marionette	INFO	Ceased listening
1501662081395	geckodriver	INFO	geckodriver 0.18.0
1501662081414	geckodriver	INFO	Listening on 127.0.0.1:57914
1501662083555	geckodriver::marionette	INFO	Starting browser C:\Program Files (x86)\Mozilla Firefox\firefox.exe with args ["-marionette"]
1501662087047	Marionette	INFO	Listening on port 57920
1501662087245	Marionette	WARN	TLS certificate errors will be ignored for this session
JavaScript warning: http://www.51testing.com/templates/default/js/topback.js, line 24: unreachable code after return statement
JavaScript warning: http://www.51testing.com/templates/default/js/topback.js, line 24: unreachable code after return statement
*************************
A coding exception was thrown and uncaught in a Task.

Full message: TypeError: NetworkError when attempting to fetch resource.
Full stack: 
*************************
1501662820103	Marionette	INFO	Ceased listening
1501663064987	geckodriver	INFO	geckodriver 0.18.0
1501663064997	geckodriver	INFO	Listening on 127.0.0.1:58686
1501663067109	geckodriver::marionette	INFO	Starting browser C:\Program Files (x86)\Mozilla Firefox\firefox.exe with args ["-marionette"]
1501663072284	Marionette	INFO	Listening on port 58693
1501663072462	Marionette	WARN	TLS certificate errors will be ignored for this session
1501663173749	Marionette	INFO	Ceased listening
